<?xml version="1.0" encoding="UTF-8"?>
<testsuite xmlns:xsi="http://www.w3.org/2001/XMLSchema-instance" xsi:noNamespaceSchemaLocation="https://maven.apache.org/surefire/maven-surefire-plugin/xsd/surefire-test-report-3.0.xsd" version="3.0" name="es.uma.informatica.sii.pr2025rest.ExpedicionesTests$SinExpediciones" time="11.461" tests="5" errors="0" skipped="0" failures="0">
  <properties>
    <property name="java.specification.version" value="23"/>
    <property name="sun.jnu.encoding" value="UTF-8"/>
    <property name="java.class.path" value="/Users/javier/Documents/InternetInfoSystems/practicas/REST/alumnos/target/test-classes:/Users/javier/Documents/InternetInfoSystems/practicas/REST/alumnos/target/classes:/Users/javier/.m2/repository/org/springframework/boot/spring-boot-starter-data-jpa/3.4.4/spring-boot-starter-data-jpa-3.4.4.jar:/Users/javier/.m2/repository/org/springframework/boot/spring-boot-starter/3.4.4/spring-boot-starter-3.4.4.jar:/Users/javier/.m2/repository/org/springframework/boot/spring-boot/3.4.4/spring-boot-3.4.4.jar:/Users/javier/.m2/repository/org/springframework/boot/spring-boot-autoconfigure/3.4.4/spring-boot-autoconfigure-3.4.4.jar:/Users/javier/.m2/repository/org/springframework/boot/spring-boot-starter-logging/3.4.4/spring-boot-starter-logging-3.4.4.jar:/Users/javier/.m2/repository/ch/qos/logback/logback-classic/1.5.18/logback-classic-1.5.18.jar:/Users/javier/.m2/repository/ch/qos/logback/logback-core/1.5.18/logback-core-1.5.18.jar:/Users/javier/.m2/repository/org/apache/logging/log4j/log4j-to-slf4j/2.24.3/log4j-to-slf4j-2.24.3.jar:/Users/javier/.m2/repository/org/apache/logging/log4j/log4j-api/2.24.3/log4j-api-2.24.3.jar:/Users/javier/.m2/repository/org/slf4j/jul-to-slf4j/2.0.17/jul-to-slf4j-2.0.17.jar:/Users/javier/.m2/repository/jakarta/annotation/jakarta.annotation-api/2.1.1/jakarta.annotation-api-2.1.1.jar:/Users/javier/.m2/repository/org/yaml/snakeyaml/2.3/snakeyaml-2.3.jar:/Users/javier/.m2/repository/org/springframework/boot/spring-boot-starter-jdbc/3.4.4/spring-boot-starter-jdbc-3.4.4.jar:/Users/javier/.m2/repository/com/zaxxer/HikariCP/5.1.0/HikariCP-5.1.0.jar:/Users/javier/.m2/repository/org/springframework/spring-jdbc/6.2.5/spring-jdbc-6.2.5.jar:/Users/javier/.m2/repository/org/hibernate/orm/hibernate-core/6.6.11.Final/hibernate-core-6.6.11.Final.jar:/Users/javier/.m2/repository/jakarta/persistence/jakarta.persistence-api/3.1.0/jakarta.persistence-api-3.1.0.jar:/Users/javier/.m2/repository/jakarta/transaction/jakarta.transaction-api/2.0.1/jakarta.transaction-api-2.0.1.jar:/Users/javier/.m2/repository/org/jboss/logging/jboss-logging/3.6.1.Final/jboss-logging-3.6.1.Final.jar:/Users/javier/.m2/repository/org/hibernate/common/hibernate-commons-annotations/7.0.3.Final/hibernate-commons-annotations-7.0.3.Final.jar:/Users/javier/.m2/repository/io/smallrye/jandex/3.2.0/jandex-3.2.0.jar:/Users/javier/.m2/repository/com/fasterxml/classmate/1.7.0/classmate-1.7.0.jar:/Users/javier/.m2/repository/net/bytebuddy/byte-buddy/1.15.11/byte-buddy-1.15.11.jar:/Users/javier/.m2/repository/org/glassfish/jaxb/jaxb-runtime/4.0.5/jaxb-runtime-4.0.5.jar:/Users/javier/.m2/repository/org/glassfish/jaxb/jaxb-core/4.0.5/jaxb-core-4.0.5.jar:/Users/javier/.m2/repository/org/eclipse/angus/angus-activation/2.0.2/angus-activation-2.0.2.jar:/Users/javier/.m2/repository/org/glassfish/jaxb/txw2/4.0.5/txw2-4.0.5.jar:/Users/javier/.m2/repository/com/sun/istack/istack-commons-runtime/4.1.2/istack-commons-runtime-4.1.2.jar:/Users/javier/.m2/repository/jakarta/inject/jakarta.inject-api/2.0.1/jakarta.inject-api-2.0.1.jar:/Users/javier/.m2/repository/org/antlr/antlr4-runtime/4.13.0/antlr4-runtime-4.13.0.jar:/Users/javier/.m2/repository/org/springframework/data/spring-data-jpa/3.4.4/spring-data-jpa-3.4.4.jar:/Users/javier/.m2/repository/org/springframework/data/spring-data-commons/3.4.4/spring-data-commons-3.4.4.jar:/Users/javier/.m2/repository/org/springframework/spring-orm/6.2.5/spring-orm-6.2.5.jar:/Users/javier/.m2/repository/org/springframework/spring-context/6.2.5/spring-context-6.2.5.jar:/Users/javier/.m2/repository/org/springframework/spring-aop/6.2.5/spring-aop-6.2.5.jar:/Users/javier/.m2/repository/org/springframework/spring-tx/6.2.5/spring-tx-6.2.5.jar:/Users/javier/.m2/repository/org/springframework/spring-beans/6.2.5/spring-beans-6.2.5.jar:/Users/javier/.m2/repository/org/slf4j/slf4j-api/2.0.17/slf4j-api-2.0.17.jar:/Users/javier/.m2/repository/org/springframework/spring-aspects/6.2.5/spring-aspects-6.2.5.jar:/Users/javier/.m2/repository/org/aspectj/aspectjweaver/1.9.23/aspectjweaver-1.9.23.jar:/Users/javier/.m2/repository/com/h2database/h2/2.3.232/h2-2.3.232.jar:/Users/javier/.m2/repository/org/projectlombok/lombok/1.18.36/lombok-1.18.36.jar:/Users/javier/.m2/repository/org/springframework/boot/spring-boot-starter-test/3.4.4/spring-boot-starter-test-3.4.4.jar:/Users/javier/.m2/repository/org/springframework/boot/spring-boot-test/3.4.4/spring-boot-test-3.4.4.jar:/Users/javier/.m2/repository/org/springframework/boot/spring-boot-test-autoconfigure/3.4.4/spring-boot-test-autoconfigure-3.4.4.jar:/Users/javier/.m2/repository/com/jayway/jsonpath/json-path/2.9.0/json-path-2.9.0.jar:/Users/javier/.m2/repository/jakarta/xml/bind/jakarta.xml.bind-api/4.0.2/jakarta.xml.bind-api-4.0.2.jar:/Users/javier/.m2/repository/jakarta/activation/jakarta.activation-api/2.1.3/jakarta.activation-api-2.1.3.jar:/Users/javier/.m2/repository/net/minidev/json-smart/2.5.2/json-smart-2.5.2.jar:/Users/javier/.m2/repository/net/minidev/accessors-smart/2.5.2/accessors-smart-2.5.2.jar:/Users/javier/.m2/repository/org/ow2/asm/asm/9.7.1/asm-9.7.1.jar:/Users/javier/.m2/repository/org/assertj/assertj-core/3.26.3/assertj-core-3.26.3.jar:/Users/javier/.m2/repository/org/awaitility/awaitility/4.2.2/awaitility-4.2.2.jar:/Users/javier/.m2/repository/org/hamcrest/hamcrest/2.2/hamcrest-2.2.jar:/Users/javier/.m2/repository/org/junit/jupiter/junit-jupiter/5.11.4/junit-jupiter-5.11.4.jar:/Users/javier/.m2/repository/org/junit/jupiter/junit-jupiter-api/5.11.4/junit-jupiter-api-5.11.4.jar:/Users/javier/.m2/repository/org/opentest4j/opentest4j/1.3.0/opentest4j-1.3.0.jar:/Users/javier/.m2/repository/org/junit/platform/junit-platform-commons/1.11.4/junit-platform-commons-1.11.4.jar:/Users/javier/.m2/repository/org/apiguardian/apiguardian-api/1.1.2/apiguardian-api-1.1.2.jar:/Users/javier/.m2/repository/org/junit/jupiter/junit-jupiter-params/5.11.4/junit-jupiter-params-5.11.4.jar:/Users/javier/.m2/repository/org/junit/jupiter/junit-jupiter-engine/5.11.4/junit-jupiter-engine-5.11.4.jar:/Users/javier/.m2/repository/org/junit/platform/junit-platform-engine/1.11.4/junit-platform-engine-1.11.4.jar:/Users/javier/.m2/repository/org/mockito/mockito-core/5.14.2/mockito-core-5.14.2.jar:/Users/javier/.m2/repository/net/bytebuddy/byte-buddy-agent/1.15.11/byte-buddy-agent-1.15.11.jar:/Users/javier/.m2/repository/org/objenesis/objenesis/3.3/objenesis-3.3.jar:/Users/javier/.m2/repository/org/mockito/mockito-junit-jupiter/5.14.2/mockito-junit-jupiter-5.14.2.jar:/Users/javier/.m2/repository/org/skyscreamer/jsonassert/1.5.3/jsonassert-1.5.3.jar:/Users/javier/.m2/repository/com/vaadin/external/google/android-json/0.0.20131108.vaadin1/android-json-0.0.20131108.vaadin1.jar:/Users/javier/.m2/repository/org/springframework/spring-core/6.2.5/spring-core-6.2.5.jar:/Users/javier/.m2/repository/org/springframework/spring-jcl/6.2.5/spring-jcl-6.2.5.jar:/Users/javier/.m2/repository/org/springframework/spring-test/6.2.5/spring-test-6.2.5.jar:/Users/javier/.m2/repository/org/xmlunit/xmlunit-core/2.10.0/xmlunit-core-2.10.0.jar:/Users/javier/.m2/repository/org/springframework/boot/spring-boot-starter-web/3.4.4/spring-boot-starter-web-3.4.4.jar:/Users/javier/.m2/repository/org/springframework/boot/spring-boot-starter-json/3.4.4/spring-boot-starter-json-3.4.4.jar:/Users/javier/.m2/repository/com/fasterxml/jackson/core/jackson-databind/2.18.3/jackson-databind-2.18.3.jar:/Users/javier/.m2/repository/com/fasterxml/jackson/core/jackson-annotations/2.18.3/jackson-annotations-2.18.3.jar:/Users/javier/.m2/repository/com/fasterxml/jackson/core/jackson-core/2.18.3/jackson-core-2.18.3.jar:/Users/javier/.m2/repository/com/fasterxml/jackson/datatype/jackson-datatype-jdk8/2.18.3/jackson-datatype-jdk8-2.18.3.jar:/Users/javier/.m2/repository/com/fasterxml/jackson/datatype/jackson-datatype-jsr310/2.18.3/jackson-datatype-jsr310-2.18.3.jar:/Users/javier/.m2/repository/com/fasterxml/jackson/module/jackson-module-parameter-names/2.18.3/jackson-module-parameter-names-2.18.3.jar:/Users/javier/.m2/repository/org/springframework/boot/spring-boot-starter-tomcat/3.4.4/spring-boot-starter-tomcat-3.4.4.jar:/Users/javier/.m2/repository/org/apache/tomcat/embed/tomcat-embed-core/10.1.39/tomcat-embed-core-10.1.39.jar:/Users/javier/.m2/repository/org/apache/tomcat/embed/tomcat-embed-el/10.1.39/tomcat-embed-el-10.1.39.jar:/Users/javier/.m2/repository/org/apache/tomcat/embed/tomcat-embed-websocket/10.1.39/tomcat-embed-websocket-10.1.39.jar:/Users/javier/.m2/repository/org/springframework/spring-web/6.2.5/spring-web-6.2.5.jar:/Users/javier/.m2/repository/io/micrometer/micrometer-observation/1.14.5/micrometer-observation-1.14.5.jar:/Users/javier/.m2/repository/io/micrometer/micrometer-commons/1.14.5/micrometer-commons-1.14.5.jar:/Users/javier/.m2/repository/org/springframework/spring-webmvc/6.2.5/spring-webmvc-6.2.5.jar:/Users/javier/.m2/repository/org/springframework/spring-expression/6.2.5/spring-expression-6.2.5.jar:"/>
    <property name="java.vm.vendor" value="Homebrew"/>
    <property name="sun.arch.data.model" value="64"/>
    <property name="catalina.useNaming" value="false"/>
    <property name="java.vendor.url" value="https://github.com/Homebrew/homebrew-core/issues"/>
    <property name="user.timezone" value="Europe/Madrid"/>
    <property name="org.jboss.logging.provider" value="slf4j"/>
    <property name="os.name" value="Mac OS X"/>
    <property name="java.vm.specification.version" value="23"/>
    <property name="APPLICATION_NAME" value="Expediciones"/>
    <property name="sun.java.launcher" value="SUN_STANDARD"/>
    <property name="user.country" value="ES"/>
    <property name="sun.boot.library.path" value="/usr/local/Cellar/openjdk/23.0.2/libexec/openjdk.jdk/Contents/Home/lib"/>
    <property name="sun.java.command" value="/Users/javier/Documents/InternetInfoSystems/practicas/REST/alumnos/target/surefire/surefirebooter-20250403234042403_3.jar /Users/javier/Documents/InternetInfoSystems/practicas/REST/alumnos/target/surefire 2025-04-03T23-40-41_870-jvmRun1 surefire-20250403234042403_1tmp surefire_0-20250403234042403_2tmp"/>
    <property name="jdk.debug" value="release"/>
    <property name="surefire.test.class.path" value="/Users/javier/Documents/InternetInfoSystems/practicas/REST/alumnos/target/test-classes:/Users/javier/Documents/InternetInfoSystems/practicas/REST/alumnos/target/classes:/Users/javier/.m2/repository/org/springframework/boot/spring-boot-starter-data-jpa/3.4.4/spring-boot-starter-data-jpa-3.4.4.jar:/Users/javier/.m2/repository/org/springframework/boot/spring-boot-starter/3.4.4/spring-boot-starter-3.4.4.jar:/Users/javier/.m2/repository/org/springframework/boot/spring-boot/3.4.4/spring-boot-3.4.4.jar:/Users/javier/.m2/repository/org/springframework/boot/spring-boot-autoconfigure/3.4.4/spring-boot-autoconfigure-3.4.4.jar:/Users/javier/.m2/repository/org/springframework/boot/spring-boot-starter-logging/3.4.4/spring-boot-starter-logging-3.4.4.jar:/Users/javier/.m2/repository/ch/qos/logback/logback-classic/1.5.18/logback-classic-1.5.18.jar:/Users/javier/.m2/repository/ch/qos/logback/logback-core/1.5.18/logback-core-1.5.18.jar:/Users/javier/.m2/repository/org/apache/logging/log4j/log4j-to-slf4j/2.24.3/log4j-to-slf4j-2.24.3.jar:/Users/javier/.m2/repository/org/apache/logging/log4j/log4j-api/2.24.3/log4j-api-2.24.3.jar:/Users/javier/.m2/repository/org/slf4j/jul-to-slf4j/2.0.17/jul-to-slf4j-2.0.17.jar:/Users/javier/.m2/repository/jakarta/annotation/jakarta.annotation-api/2.1.1/jakarta.annotation-api-2.1.1.jar:/Users/javier/.m2/repository/org/yaml/snakeyaml/2.3/snakeyaml-2.3.jar:/Users/javier/.m2/repository/org/springframework/boot/spring-boot-starter-jdbc/3.4.4/spring-boot-starter-jdbc-3.4.4.jar:/Users/javier/.m2/repository/com/zaxxer/HikariCP/5.1.0/HikariCP-5.1.0.jar:/Users/javier/.m2/repository/org/springframework/spring-jdbc/6.2.5/spring-jdbc-6.2.5.jar:/Users/javier/.m2/repository/org/hibernate/orm/hibernate-core/6.6.11.Final/hibernate-core-6.6.11.Final.jar:/Users/javier/.m2/repository/jakarta/persistence/jakarta.persistence-api/3.1.0/jakarta.persistence-api-3.1.0.jar:/Users/javier/.m2/repository/jakarta/transaction/jakarta.transaction-api/2.0.1/jakarta.transaction-api-2.0.1.jar:/Users/javier/.m2/repository/org/jboss/logging/jboss-logging/3.6.1.Final/jboss-logging-3.6.1.Final.jar:/Users/javier/.m2/repository/org/hibernate/common/hibernate-commons-annotations/7.0.3.Final/hibernate-commons-annotations-7.0.3.Final.jar:/Users/javier/.m2/repository/io/smallrye/jandex/3.2.0/jandex-3.2.0.jar:/Users/javier/.m2/repository/com/fasterxml/classmate/1.7.0/classmate-1.7.0.jar:/Users/javier/.m2/repository/net/bytebuddy/byte-buddy/1.15.11/byte-buddy-1.15.11.jar:/Users/javier/.m2/repository/org/glassfish/jaxb/jaxb-runtime/4.0.5/jaxb-runtime-4.0.5.jar:/Users/javier/.m2/repository/org/glassfish/jaxb/jaxb-core/4.0.5/jaxb-core-4.0.5.jar:/Users/javier/.m2/repository/org/eclipse/angus/angus-activation/2.0.2/angus-activation-2.0.2.jar:/Users/javier/.m2/repository/org/glassfish/jaxb/txw2/4.0.5/txw2-4.0.5.jar:/Users/javier/.m2/repository/com/sun/istack/istack-commons-runtime/4.1.2/istack-commons-runtime-4.1.2.jar:/Users/javier/.m2/repository/jakarta/inject/jakarta.inject-api/2.0.1/jakarta.inject-api-2.0.1.jar:/Users/javier/.m2/repository/org/antlr/antlr4-runtime/4.13.0/antlr4-runtime-4.13.0.jar:/Users/javier/.m2/repository/org/springframework/data/spring-data-jpa/3.4.4/spring-data-jpa-3.4.4.jar:/Users/javier/.m2/repository/org/springframework/data/spring-data-commons/3.4.4/spring-data-commons-3.4.4.jar:/Users/javier/.m2/repository/org/springframework/spring-orm/6.2.5/spring-orm-6.2.5.jar:/Users/javier/.m2/repository/org/springframework/spring-context/6.2.5/spring-context-6.2.5.jar:/Users/javier/.m2/repository/org/springframework/spring-aop/6.2.5/spring-aop-6.2.5.jar:/Users/javier/.m2/repository/org/springframework/spring-tx/6.2.5/spring-tx-6.2.5.jar:/Users/javier/.m2/repository/org/springframework/spring-beans/6.2.5/spring-beans-6.2.5.jar:/Users/javier/.m2/repository/org/slf4j/slf4j-api/2.0.17/slf4j-api-2.0.17.jar:/Users/javier/.m2/repository/org/springframework/spring-aspects/6.2.5/spring-aspects-6.2.5.jar:/Users/javier/.m2/repository/org/aspectj/aspectjweaver/1.9.23/aspectjweaver-1.9.23.jar:/Users/javier/.m2/repository/com/h2database/h2/2.3.232/h2-2.3.232.jar:/Users/javier/.m2/repository/org/projectlombok/lombok/1.18.36/lombok-1.18.36.jar:/Users/javier/.m2/repository/org/springframework/boot/spring-boot-starter-test/3.4.4/spring-boot-starter-test-3.4.4.jar:/Users/javier/.m2/repository/org/springframework/boot/spring-boot-test/3.4.4/spring-boot-test-3.4.4.jar:/Users/javier/.m2/repository/org/springframework/boot/spring-boot-test-autoconfigure/3.4.4/spring-boot-test-autoconfigure-3.4.4.jar:/Users/javier/.m2/repository/com/jayway/jsonpath/json-path/2.9.0/json-path-2.9.0.jar:/Users/javier/.m2/repository/jakarta/xml/bind/jakarta.xml.bind-api/4.0.2/jakarta.xml.bind-api-4.0.2.jar:/Users/javier/.m2/repository/jakarta/activation/jakarta.activation-api/2.1.3/jakarta.activation-api-2.1.3.jar:/Users/javier/.m2/repository/net/minidev/json-smart/2.5.2/json-smart-2.5.2.jar:/Users/javier/.m2/repository/net/minidev/accessors-smart/2.5.2/accessors-smart-2.5.2.jar:/Users/javier/.m2/repository/org/ow2/asm/asm/9.7.1/asm-9.7.1.jar:/Users/javier/.m2/repository/org/assertj/assertj-core/3.26.3/assertj-core-3.26.3.jar:/Users/javier/.m2/repository/org/awaitility/awaitility/4.2.2/awaitility-4.2.2.jar:/Users/javier/.m2/repository/org/hamcrest/hamcrest/2.2/hamcrest-2.2.jar:/Users/javier/.m2/repository/org/junit/jupiter/junit-jupiter/5.11.4/junit-jupiter-5.11.4.jar:/Users/javier/.m2/repository/org/junit/jupiter/junit-jupiter-api/5.11.4/junit-jupiter-api-5.11.4.jar:/Users/javier/.m2/repository/org/opentest4j/opentest4j/1.3.0/opentest4j-1.3.0.jar:/Users/javier/.m2/repository/org/junit/platform/junit-platform-commons/1.11.4/junit-platform-commons-1.11.4.jar:/Users/javier/.m2/repository/org/apiguardian/apiguardian-api/1.1.2/apiguardian-api-1.1.2.jar:/Users/javier/.m2/repository/org/junit/jupiter/junit-jupiter-params/5.11.4/junit-jupiter-params-5.11.4.jar:/Users/javier/.m2/repository/org/junit/jupiter/junit-jupiter-engine/5.11.4/junit-jupiter-engine-5.11.4.jar:/Users/javier/.m2/repository/org/junit/platform/junit-platform-engine/1.11.4/junit-platform-engine-1.11.4.jar:/Users/javier/.m2/repository/org/mockito/mockito-core/5.14.2/mockito-core-5.14.2.jar:/Users/javier/.m2/repository/net/bytebuddy/byte-buddy-agent/1.15.11/byte-buddy-agent-1.15.11.jar:/Users/javier/.m2/repository/org/objenesis/objenesis/3.3/objenesis-3.3.jar:/Users/javier/.m2/repository/org/mockito/mockito-junit-jupiter/5.14.2/mockito-junit-jupiter-5.14.2.jar:/Users/javier/.m2/repository/org/skyscreamer/jsonassert/1.5.3/jsonassert-1.5.3.jar:/Users/javier/.m2/repository/com/vaadin/external/google/android-json/0.0.20131108.vaadin1/android-json-0.0.20131108.vaadin1.jar:/Users/javier/.m2/repository/org/springframework/spring-core/6.2.5/spring-core-6.2.5.jar:/Users/javier/.m2/repository/org/springframework/spring-jcl/6.2.5/spring-jcl-6.2.5.jar:/Users/javier/.m2/repository/org/springframework/spring-test/6.2.5/spring-test-6.2.5.jar:/Users/javier/.m2/repository/org/xmlunit/xmlunit-core/2.10.0/xmlunit-core-2.10.0.jar:/Users/javier/.m2/repository/org/springframework/boot/spring-boot-starter-web/3.4.4/spring-boot-starter-web-3.4.4.jar:/Users/javier/.m2/repository/org/springframework/boot/spring-boot-starter-json/3.4.4/spring-boot-starter-json-3.4.4.jar:/Users/javier/.m2/repository/com/fasterxml/jackson/core/jackson-databind/2.18.3/jackson-databind-2.18.3.jar:/Users/javier/.m2/repository/com/fasterxml/jackson/core/jackson-annotations/2.18.3/jackson-annotations-2.18.3.jar:/Users/javier/.m2/repository/com/fasterxml/jackson/core/jackson-core/2.18.3/jackson-core-2.18.3.jar:/Users/javier/.m2/repository/com/fasterxml/jackson/datatype/jackson-datatype-jdk8/2.18.3/jackson-datatype-jdk8-2.18.3.jar:/Users/javier/.m2/repository/com/fasterxml/jackson/datatype/jackson-datatype-jsr310/2.18.3/jackson-datatype-jsr310-2.18.3.jar:/Users/javier/.m2/repository/com/fasterxml/jackson/module/jackson-module-parameter-names/2.18.3/jackson-module-parameter-names-2.18.3.jar:/Users/javier/.m2/repository/org/springframework/boot/spring-boot-starter-tomcat/3.4.4/spring-boot-starter-tomcat-3.4.4.jar:/Users/javier/.m2/repository/org/apache/tomcat/embed/tomcat-embed-core/10.1.39/tomcat-embed-core-10.1.39.jar:/Users/javier/.m2/repository/org/apache/tomcat/embed/tomcat-embed-el/10.1.39/tomcat-embed-el-10.1.39.jar:/Users/javier/.m2/repository/org/apache/tomcat/embed/tomcat-embed-websocket/10.1.39/tomcat-embed-websocket-10.1.39.jar:/Users/javier/.m2/repository/org/springframework/spring-web/6.2.5/spring-web-6.2.5.jar:/Users/javier/.m2/repository/io/micrometer/micrometer-observation/1.14.5/micrometer-observation-1.14.5.jar:/Users/javier/.m2/repository/io/micrometer/micrometer-commons/1.14.5/micrometer-commons-1.14.5.jar:/Users/javier/.m2/repository/org/springframework/spring-webmvc/6.2.5/spring-webmvc-6.2.5.jar:/Users/javier/.m2/repository/org/springframework/spring-expression/6.2.5/spring-expression-6.2.5.jar:"/>
    <property name="sun.cpu.endian" value="little"/>
    <property name="user.home" value="/Users/javier"/>
    <property name="user.language" value="en"/>
    <property name="java.specification.vendor" value="Oracle Corporation"/>
    <property name="java.version.date" value="2025-01-21"/>
    <property name="java.home" value="/usr/local/Cellar/openjdk/23.0.2/libexec/openjdk.jdk/Contents/Home"/>
    <property name="file.separator" value="/"/>
    <property name="basedir" value="/Users/javier/Documents/InternetInfoSystems/practicas/REST/alumnos"/>
    <property name="java.vm.compressedOopsMode" value="Zero based"/>
    <property name="line.separator" value="&#10;"/>
    <property name="java.vm.specification.vendor" value="Oracle Corporation"/>
    <property name="java.specification.name" value="Java Platform API Specification"/>
    <property name="FILE_LOG_CHARSET" value="UTF-8"/>
    <property name="java.awt.headless" value="true"/>
    <property name="apple.awt.application.name" value="ForkedBooter"/>
    <property name="surefire.real.class.path" value="/Users/javier/Documents/InternetInfoSystems/practicas/REST/alumnos/target/surefire/surefirebooter-20250403234042403_3.jar"/>
    <property name="sun.management.compiler" value="HotSpot 64-Bit Tiered Compilers"/>
    <property name="java.runtime.version" value="23.0.2"/>
    <property name="user.name" value="javier"/>
    <property name="stdout.encoding" value="UTF-8"/>
    <property name="path.separator" value=":"/>
    <property name="os.version" value="15.0.1"/>
    <property name="java.runtime.name" value="OpenJDK Runtime Environment"/>
    <property name="file.encoding" value="UTF-8"/>
    <property name="java.vm.name" value="OpenJDK 64-Bit Server VM"/>
    <property name="java.vendor.version" value="Homebrew"/>
    <property name="localRepository" value="/Users/javier/.m2/repository"/>
    <property name="java.vendor.url.bug" value="https://github.com/Homebrew/homebrew-core/issues"/>
    <property name="java.io.tmpdir" value="/var/folders/5z/cr5bfbsn4y54fz9spnmvbnhc0000gn/T/"/>
    <property name="catalina.home" value="/private/var/folders/5z/cr5bfbsn4y54fz9spnmvbnhc0000gn/T/tomcat.0.17531866351321941485"/>
    <property name="com.zaxxer.hikari.pool_number" value="21"/>
    <property name="java.version" value="23.0.2"/>
    <property name="user.dir" value="/Users/javier/Documents/InternetInfoSystems/practicas/REST/alumnos"/>
    <property name="os.arch" value="x86_64"/>
    <property name="java.vm.specification.name" value="Java Virtual Machine Specification"/>
    <property name="PID" value="32544"/>
    <property name="CONSOLE_LOG_CHARSET" value="UTF-8"/>
    <property name="catalina.base" value="/private/var/folders/5z/cr5bfbsn4y54fz9spnmvbnhc0000gn/T/tomcat.0.3983092475053540036"/>
    <property name="native.encoding" value="UTF-8"/>
    <property name="java.library.path" value="/Users/javier/Library/Java/Extensions:/Library/Java/Extensions:/Network/Library/Java/Extensions:/System/Library/Java/Extensions:/usr/lib/java:."/>
    <property name="java.vm.info" value="mixed mode, sharing"/>
    <property name="stderr.encoding" value="UTF-8"/>
    <property name="java.vendor" value="Homebrew"/>
    <property name="java.vm.version" value="23.0.2"/>
    <property name="sun.io.unicode.encoding" value="UnicodeBig"/>
    <property name="java.class.version" value="67.0"/>
    <property name="LOGGED_APPLICATION_NAME" value="[Expediciones] "/>
  </properties>
  <testcase name="obtenerTodas" classname="es.uma.informatica.sii.pr2025rest.ExpedicionesTests$SinExpediciones" time="2.033">
    <system-out><![CDATA[2025-04-03T23:41:25.874+02:00  INFO 32544 --- [Expediciones] [           main] t.c.s.AnnotationConfigContextLoaderUtils : Could not detect default configuration classes for test class [es.uma.informatica.sii.pr2025rest.ExpedicionesTests$SinExpediciones]: SinExpediciones does not declare any static, non-private, non-final, nested classes annotated with @Configuration.
2025-04-03T23:41:25.875+02:00  INFO 32544 --- [Expediciones] [           main] .b.t.c.SpringBootTestContextBootstrapper : Found @SpringBootConfiguration es.uma.informatica.sii.pr2025rest.ExpedicionesApplication for test class es.uma.informatica.sii.pr2025rest.ExpedicionesTests$SinExpediciones

  .   ____          _            __ _ _
 /\\ / ___'_ __ _ _(_)_ __  __ _ \ \ \ \
( ( )\___ | '_ | '_| | '_ \/ _` | \ \ \ \
 \\/  ___)| |_)| | | | | || (_| |  ) ) ) )
  '  |____| .__|_| |_|_| |_\__, | / / / /
 =========|_|==============|___/=/_/_/_/

 :: Spring Boot ::                (v3.4.4)

2025-04-03T23:41:25.888+02:00  INFO 32544 --- [Expediciones] [           main] e.u.i.sii.pr2025rest.ExpedicionesTests   : Starting ExpedicionesTests using Java 23.0.2 with PID 32544 (started by javier in /Users/javier/Documents/InternetInfoSystems/practicas/REST/alumnos)
2025-04-03T23:41:25.889+02:00  INFO 32544 --- [Expediciones] [           main] e.u.i.sii.pr2025rest.ExpedicionesTests   : No active profile set, falling back to 1 default profile: "default"
2025-04-03T23:41:25.956+02:00  INFO 32544 --- [Expediciones] [           main] .s.d.r.c.RepositoryConfigurationDelegate : Bootstrapping Spring Data JPA repositories in DEFAULT mode.
2025-04-03T23:41:25.961+02:00  INFO 32544 --- [Expediciones] [           main] .s.d.r.c.RepositoryConfigurationDelegate : Finished Spring Data repository scanning in 3 ms. Found 2 JPA repository interfaces.
2025-04-03T23:41:25.994+02:00  INFO 32544 --- [Expediciones] [           main] o.s.b.w.embedded.tomcat.TomcatWebServer  : Tomcat initialized with port 0 (http)
2025-04-03T23:41:25.994+02:00  INFO 32544 --- [Expediciones] [           main] o.apache.catalina.core.StandardService   : Starting service [Tomcat]
2025-04-03T23:41:25.994+02:00  INFO 32544 --- [Expediciones] [           main] o.apache.catalina.core.StandardEngine    : Starting Servlet engine: [Apache Tomcat/10.1.39]
2025-04-03T23:41:26.002+02:00  INFO 32544 --- [Expediciones] [           main] o.a.c.c.C.[Tomcat].[localhost].[/]       : Initializing Spring embedded WebApplicationContext
2025-04-03T23:41:26.002+02:00  INFO 32544 --- [Expediciones] [           main] w.s.c.ServletWebServerApplicationContext : Root WebApplicationContext: initialization completed in 113 ms
2025-04-03T23:41:26.016+02:00  INFO 32544 --- [Expediciones] [           main] com.zaxxer.hikari.HikariDataSource       : HikariPool-17 - Starting...
2025-04-03T23:41:26.017+02:00  INFO 32544 --- [Expediciones] [           main] com.zaxxer.hikari.pool.HikariPool        : HikariPool-17 - Added connection conn160: url=jdbc:h2:mem:8629d1a2-8dd5-437b-bf1d-2c36c3f6bfd6 user=SA
2025-04-03T23:41:26.018+02:00  INFO 32544 --- [Expediciones] [           main] com.zaxxer.hikari.HikariDataSource       : HikariPool-17 - Start completed.
2025-04-03T23:41:26.018+02:00  INFO 32544 --- [Expediciones] [           main] o.hibernate.jpa.internal.util.LogHelper  : HHH000204: Processing PersistenceUnitInfo [name: default]
2025-04-03T23:41:26.019+02:00  INFO 32544 --- [Expediciones] [           main] o.h.c.internal.RegionFactoryInitiator    : HHH000026: Second-level cache disabled
2025-04-03T23:41:26.024+02:00  INFO 32544 --- [Expediciones] [           main] o.s.o.j.p.SpringPersistenceUnitInfo      : No LoadTimeWeaver setup: ignoring JPA class transformer
2025-04-03T23:41:26.025+02:00  INFO 32544 --- [Expediciones] [           main] org.hibernate.orm.connections.pooling    : HHH10001005: Database info:
	Database JDBC URL [Connecting through datasource 'HikariDataSource (HikariPool-17)']
	Database driver: undefined/unknown
	Database version: 2.3.232
	Autocommit mode: undefined/unknown
	Isolation level: undefined/unknown
	Minimum pool size: undefined/unknown
	Maximum pool size: undefined/unknown
2025-04-03T23:41:26.055+02:00  INFO 32544 --- [Expediciones] [           main] o.h.e.t.j.p.i.JtaPlatformInitiator       : HHH000489: No JTA platform available (set 'hibernate.transaction.jta.platform' to enable JTA platform integration)
2025-04-03T23:41:26.058+02:00  INFO 32544 --- [Expediciones] [           main] j.LocalContainerEntityManagerFactoryBean : Initialized JPA EntityManagerFactory for persistence unit 'default'
2025-04-03T23:41:26.084+02:00  WARN 32544 --- [Expediciones] [           main] JpaBaseConfiguration$JpaWebConfiguration : spring.jpa.open-in-view is enabled by default. Therefore, database queries may be performed during view rendering. Explicitly configure spring.jpa.open-in-view to disable this warning
2025-04-03T23:41:26.143+02:00  INFO 32544 --- [Expediciones] [           main] o.s.b.w.embedded.tomcat.TomcatWebServer  : Tomcat started on port 55119 (http) with context path '/'
2025-04-03T23:41:26.145+02:00  INFO 32544 --- [Expediciones] [           main] e.u.i.sii.pr2025rest.ExpedicionesTests   : Started ExpedicionesTests in 0.268 seconds (process running for 43.619)
2025-04-03T23:41:26.156+02:00  INFO 32544 --- [Expediciones] [-auto-17-exec-1] o.a.c.c.C.[Tomcat].[localhost].[/]       : Initializing Spring DispatcherServlet 'dispatcherServlet'
2025-04-03T23:41:26.156+02:00  INFO 32544 --- [Expediciones] [-auto-17-exec-1] o.s.web.servlet.DispatcherServlet        : Initializing Servlet 'dispatcherServlet'
2025-04-03T23:41:26.157+02:00  INFO 32544 --- [Expediciones] [-auto-17-exec-1] o.s.web.servlet.DispatcherServlet        : Completed initialization in 1 ms
2025-04-03T23:41:26.164+02:00  INFO 32544 --- [Expediciones] [           main] o.s.b.w.e.tomcat.GracefulShutdown        : Commencing graceful shutdown. Waiting for active requests to complete
2025-04-03T23:41:28.173+02:00  INFO 32544 --- [Expediciones] [tomcat-shutdown] o.s.b.w.e.tomcat.GracefulShutdown        : Graceful shutdown complete
2025-04-03T23:41:28.173+02:00 ERROR 32544 --- [Expediciones] [uto-17-Acceptor] org.apache.tomcat.util.net.Acceptor      : Socket accept failed

java.nio.channels.AsynchronousCloseException: null
	at java.base/java.nio.channels.spi.AbstractInterruptibleChannel.end(AbstractInterruptibleChannel.java:218) ~[na:na]
	at java.base/sun.nio.ch.ServerSocketChannelImpl.end(ServerSocketChannelImpl.java:383) ~[na:na]
	at java.base/sun.nio.ch.ServerSocketChannelImpl.accept(ServerSocketChannelImpl.java:408) ~[na:na]
	at org.apache.tomcat.util.net.NioEndpoint.serverSocketAccept(NioEndpoint.java:518) ~[tomcat-embed-core-10.1.39.jar:10.1.39]
	at org.apache.tomcat.util.net.NioEndpoint.serverSocketAccept(NioEndpoint.java:71) ~[tomcat-embed-core-10.1.39.jar:10.1.39]
	at org.apache.tomcat.util.net.Acceptor.run(Acceptor.java:128) ~[tomcat-embed-core-10.1.39.jar:10.1.39]
	at java.base/java.lang.Thread.run(Thread.java:1575) ~[na:na]

2025-04-03T23:41:28.175+02:00  INFO 32544 --- [Expediciones] [           main] j.LocalContainerEntityManagerFactoryBean : Closing JPA EntityManagerFactory for persistence unit 'default'
2025-04-03T23:41:28.177+02:00  INFO 32544 --- [Expediciones] [           main] com.zaxxer.hikari.HikariDataSource       : HikariPool-17 - Shutdown initiated...
2025-04-03T23:41:28.178+02:00  INFO 32544 --- [Expediciones] [           main] com.zaxxer.hikari.HikariDataSource       : HikariPool-17 - Shutdown completed.
]]></system-out>
  </testcase>
  <testcase name="obtenerPorIdNoExiste" classname="es.uma.informatica.sii.pr2025rest.ExpedicionesTests$SinExpediciones" time="2.037">
    <system-out><![CDATA[
  .   ____          _            __ _ _
 /\\ / ___'_ __ _ _(_)_ __  __ _ \ \ \ \
( ( )\___ | '_ | '_| | '_ \/ _` | \ \ \ \
 \\/  ___)| |_)| | | | | || (_| |  ) ) ) )
  '  |____| .__|_| |_|_| |_\__, | / / / /
 =========|_|==============|___/=/_/_/_/

 :: Spring Boot ::                (v3.4.4)

2025-04-03T23:41:28.193+02:00  INFO 32544 --- [Expediciones] [           main] e.u.i.sii.pr2025rest.ExpedicionesTests   : Starting ExpedicionesTests using Java 23.0.2 with PID 32544 (started by javier in /Users/javier/Documents/InternetInfoSystems/practicas/REST/alumnos)
2025-04-03T23:41:28.193+02:00  INFO 32544 --- [Expediciones] [           main] e.u.i.sii.pr2025rest.ExpedicionesTests   : No active profile set, falling back to 1 default profile: "default"
2025-04-03T23:41:28.254+02:00  INFO 32544 --- [Expediciones] [           main] .s.d.r.c.RepositoryConfigurationDelegate : Bootstrapping Spring Data JPA repositories in DEFAULT mode.
2025-04-03T23:41:28.259+02:00  INFO 32544 --- [Expediciones] [           main] .s.d.r.c.RepositoryConfigurationDelegate : Finished Spring Data repository scanning in 3 ms. Found 2 JPA repository interfaces.
2025-04-03T23:41:28.293+02:00  INFO 32544 --- [Expediciones] [           main] o.s.b.w.embedded.tomcat.TomcatWebServer  : Tomcat initialized with port 0 (http)
2025-04-03T23:41:28.294+02:00  INFO 32544 --- [Expediciones] [           main] o.apache.catalina.core.StandardService   : Starting service [Tomcat]
2025-04-03T23:41:28.294+02:00  INFO 32544 --- [Expediciones] [           main] o.apache.catalina.core.StandardEngine    : Starting Servlet engine: [Apache Tomcat/10.1.39]
2025-04-03T23:41:28.302+02:00  INFO 32544 --- [Expediciones] [           main] o.a.c.c.C.[Tomcat].[localhost].[/]       : Initializing Spring embedded WebApplicationContext
2025-04-03T23:41:28.302+02:00  INFO 32544 --- [Expediciones] [           main] w.s.c.ServletWebServerApplicationContext : Root WebApplicationContext: initialization completed in 108 ms
2025-04-03T23:41:28.318+02:00  INFO 32544 --- [Expediciones] [           main] com.zaxxer.hikari.HikariDataSource       : HikariPool-18 - Starting...
2025-04-03T23:41:28.319+02:00  INFO 32544 --- [Expediciones] [           main] com.zaxxer.hikari.pool.HikariPool        : HikariPool-18 - Added connection conn170: url=jdbc:h2:mem:0b71cd99-981b-4d6e-90b3-0560781bf8f6 user=SA
2025-04-03T23:41:28.320+02:00  INFO 32544 --- [Expediciones] [           main] com.zaxxer.hikari.HikariDataSource       : HikariPool-18 - Start completed.
2025-04-03T23:41:28.320+02:00  INFO 32544 --- [Expediciones] [           main] o.hibernate.jpa.internal.util.LogHelper  : HHH000204: Processing PersistenceUnitInfo [name: default]
2025-04-03T23:41:28.321+02:00  INFO 32544 --- [Expediciones] [           main] o.h.c.internal.RegionFactoryInitiator    : HHH000026: Second-level cache disabled
2025-04-03T23:41:28.326+02:00  INFO 32544 --- [Expediciones] [           main] o.s.o.j.p.SpringPersistenceUnitInfo      : No LoadTimeWeaver setup: ignoring JPA class transformer
2025-04-03T23:41:28.327+02:00  INFO 32544 --- [Expediciones] [           main] org.hibernate.orm.connections.pooling    : HHH10001005: Database info:
	Database JDBC URL [Connecting through datasource 'HikariDataSource (HikariPool-18)']
	Database driver: undefined/unknown
	Database version: 2.3.232
	Autocommit mode: undefined/unknown
	Isolation level: undefined/unknown
	Minimum pool size: undefined/unknown
	Maximum pool size: undefined/unknown
2025-04-03T23:41:28.357+02:00  INFO 32544 --- [Expediciones] [           main] o.h.e.t.j.p.i.JtaPlatformInitiator       : HHH000489: No JTA platform available (set 'hibernate.transaction.jta.platform' to enable JTA platform integration)
2025-04-03T23:41:28.361+02:00  INFO 32544 --- [Expediciones] [           main] j.LocalContainerEntityManagerFactoryBean : Initialized JPA EntityManagerFactory for persistence unit 'default'
2025-04-03T23:41:28.379+02:00  WARN 32544 --- [Expediciones] [           main] JpaBaseConfiguration$JpaWebConfiguration : spring.jpa.open-in-view is enabled by default. Therefore, database queries may be performed during view rendering. Explicitly configure spring.jpa.open-in-view to disable this warning
2025-04-03T23:41:28.424+02:00  INFO 32544 --- [Expediciones] [           main] o.s.b.w.embedded.tomcat.TomcatWebServer  : Tomcat started on port 55123 (http) with context path '/'
2025-04-03T23:41:28.426+02:00  INFO 32544 --- [Expediciones] [           main] e.u.i.sii.pr2025rest.ExpedicionesTests   : Started ExpedicionesTests in 0.244 seconds (process running for 45.9)
2025-04-03T23:41:28.442+02:00  INFO 32544 --- [Expediciones] [-auto-18-exec-1] o.a.c.c.C.[Tomcat].[localhost].[/]       : Initializing Spring DispatcherServlet 'dispatcherServlet'
2025-04-03T23:41:28.442+02:00  INFO 32544 --- [Expediciones] [-auto-18-exec-1] o.s.web.servlet.DispatcherServlet        : Initializing Servlet 'dispatcherServlet'
2025-04-03T23:41:28.442+02:00  INFO 32544 --- [Expediciones] [-auto-18-exec-1] o.s.web.servlet.DispatcherServlet        : Completed initialization in 0 ms
2025-04-03T23:41:28.449+02:00  INFO 32544 --- [Expediciones] [           main] o.s.b.w.e.tomcat.GracefulShutdown        : Commencing graceful shutdown. Waiting for active requests to complete
2025-04-03T23:41:30.459+02:00  INFO 32544 --- [Expediciones] [tomcat-shutdown] o.s.b.w.e.tomcat.GracefulShutdown        : Graceful shutdown complete
2025-04-03T23:41:30.459+02:00 ERROR 32544 --- [Expediciones] [uto-18-Acceptor] org.apache.tomcat.util.net.Acceptor      : Socket accept failed

java.nio.channels.AsynchronousCloseException: null
	at java.base/java.nio.channels.spi.AbstractInterruptibleChannel.end(AbstractInterruptibleChannel.java:218) ~[na:na]
	at java.base/sun.nio.ch.ServerSocketChannelImpl.end(ServerSocketChannelImpl.java:383) ~[na:na]
	at java.base/sun.nio.ch.ServerSocketChannelImpl.accept(ServerSocketChannelImpl.java:408) ~[na:na]
	at org.apache.tomcat.util.net.NioEndpoint.serverSocketAccept(NioEndpoint.java:518) ~[tomcat-embed-core-10.1.39.jar:10.1.39]
	at org.apache.tomcat.util.net.NioEndpoint.serverSocketAccept(NioEndpoint.java:71) ~[tomcat-embed-core-10.1.39.jar:10.1.39]
	at org.apache.tomcat.util.net.Acceptor.run(Acceptor.java:128) ~[tomcat-embed-core-10.1.39.jar:10.1.39]
	at java.base/java.lang.Thread.run(Thread.java:1575) ~[na:na]

2025-04-03T23:41:30.460+02:00  INFO 32544 --- [Expediciones] [           main] j.LocalContainerEntityManagerFactoryBean : Closing JPA EntityManagerFactory for persistence unit 'default'
2025-04-03T23:41:30.461+02:00  INFO 32544 --- [Expediciones] [           main] com.zaxxer.hikari.HikariDataSource       : HikariPool-18 - Shutdown initiated...
2025-04-03T23:41:30.462+02:00  INFO 32544 --- [Expediciones] [           main] com.zaxxer.hikari.HikariDataSource       : HikariPool-18 - Shutdown completed.
]]></system-out>
  </testcase>
  <testcase name="crearExpedicion" classname="es.uma.informatica.sii.pr2025rest.ExpedicionesTests$SinExpediciones" time="2.037">
    <system-out><![CDATA[
  .   ____          _            __ _ _
 /\\ / ___'_ __ _ _(_)_ __  __ _ \ \ \ \
( ( )\___ | '_ | '_| | '_ \/ _` | \ \ \ \
 \\/  ___)| |_)| | | | | || (_| |  ) ) ) )
  '  |____| .__|_| |_|_| |_\__, | / / / /
 =========|_|==============|___/=/_/_/_/

 :: Spring Boot ::                (v3.4.4)

2025-04-03T23:41:30.474+02:00  INFO 32544 --- [Expediciones] [           main] e.u.i.sii.pr2025rest.ExpedicionesTests   : Starting ExpedicionesTests using Java 23.0.2 with PID 32544 (started by javier in /Users/javier/Documents/InternetInfoSystems/practicas/REST/alumnos)
2025-04-03T23:41:30.474+02:00  INFO 32544 --- [Expediciones] [           main] e.u.i.sii.pr2025rest.ExpedicionesTests   : No active profile set, falling back to 1 default profile: "default"
2025-04-03T23:41:30.535+02:00  INFO 32544 --- [Expediciones] [           main] .s.d.r.c.RepositoryConfigurationDelegate : Bootstrapping Spring Data JPA repositories in DEFAULT mode.
2025-04-03T23:41:30.540+02:00  INFO 32544 --- [Expediciones] [           main] .s.d.r.c.RepositoryConfigurationDelegate : Finished Spring Data repository scanning in 3 ms. Found 2 JPA repository interfaces.
2025-04-03T23:41:30.572+02:00  INFO 32544 --- [Expediciones] [           main] o.s.b.w.embedded.tomcat.TomcatWebServer  : Tomcat initialized with port 0 (http)
2025-04-03T23:41:30.573+02:00  INFO 32544 --- [Expediciones] [           main] o.apache.catalina.core.StandardService   : Starting service [Tomcat]
2025-04-03T23:41:30.573+02:00  INFO 32544 --- [Expediciones] [           main] o.apache.catalina.core.StandardEngine    : Starting Servlet engine: [Apache Tomcat/10.1.39]
2025-04-03T23:41:30.581+02:00  INFO 32544 --- [Expediciones] [           main] o.a.c.c.C.[Tomcat].[localhost].[/]       : Initializing Spring embedded WebApplicationContext
2025-04-03T23:41:30.581+02:00  INFO 32544 --- [Expediciones] [           main] w.s.c.ServletWebServerApplicationContext : Root WebApplicationContext: initialization completed in 106 ms
2025-04-03T23:41:30.596+02:00  INFO 32544 --- [Expediciones] [           main] com.zaxxer.hikari.HikariDataSource       : HikariPool-19 - Starting...
2025-04-03T23:41:30.597+02:00  INFO 32544 --- [Expediciones] [           main] com.zaxxer.hikari.pool.HikariPool        : HikariPool-19 - Added connection conn180: url=jdbc:h2:mem:925ca1fe-6310-4380-8bec-5794097245fe user=SA
2025-04-03T23:41:30.598+02:00  INFO 32544 --- [Expediciones] [           main] com.zaxxer.hikari.HikariDataSource       : HikariPool-19 - Start completed.
2025-04-03T23:41:30.598+02:00  INFO 32544 --- [Expediciones] [           main] o.hibernate.jpa.internal.util.LogHelper  : HHH000204: Processing PersistenceUnitInfo [name: default]
2025-04-03T23:41:30.599+02:00  INFO 32544 --- [Expediciones] [           main] o.h.c.internal.RegionFactoryInitiator    : HHH000026: Second-level cache disabled
2025-04-03T23:41:30.604+02:00  INFO 32544 --- [Expediciones] [           main] o.s.o.j.p.SpringPersistenceUnitInfo      : No LoadTimeWeaver setup: ignoring JPA class transformer
2025-04-03T23:41:30.605+02:00  INFO 32544 --- [Expediciones] [           main] org.hibernate.orm.connections.pooling    : HHH10001005: Database info:
	Database JDBC URL [Connecting through datasource 'HikariDataSource (HikariPool-19)']
	Database driver: undefined/unknown
	Database version: 2.3.232
	Autocommit mode: undefined/unknown
	Isolation level: undefined/unknown
	Minimum pool size: undefined/unknown
	Maximum pool size: undefined/unknown
2025-04-03T23:41:30.652+02:00  INFO 32544 --- [Expediciones] [           main] o.h.e.t.j.p.i.JtaPlatformInitiator       : HHH000489: No JTA platform available (set 'hibernate.transaction.jta.platform' to enable JTA platform integration)
2025-04-03T23:41:30.657+02:00  INFO 32544 --- [Expediciones] [           main] j.LocalContainerEntityManagerFactoryBean : Initialized JPA EntityManagerFactory for persistence unit 'default'
2025-04-03T23:41:30.678+02:00  WARN 32544 --- [Expediciones] [           main] JpaBaseConfiguration$JpaWebConfiguration : spring.jpa.open-in-view is enabled by default. Therefore, database queries may be performed during view rendering. Explicitly configure spring.jpa.open-in-view to disable this warning
2025-04-03T23:41:30.723+02:00  INFO 32544 --- [Expediciones] [           main] o.s.b.w.embedded.tomcat.TomcatWebServer  : Tomcat started on port 55127 (http) with context path '/'
2025-04-03T23:41:30.724+02:00  INFO 32544 --- [Expediciones] [           main] e.u.i.sii.pr2025rest.ExpedicionesTests   : Started ExpedicionesTests in 0.259 seconds (process running for 48.198)
2025-04-03T23:41:30.735+02:00  INFO 32544 --- [Expediciones] [-auto-19-exec-1] o.a.c.c.C.[Tomcat].[localhost].[/]       : Initializing Spring DispatcherServlet 'dispatcherServlet'
2025-04-03T23:41:30.736+02:00  INFO 32544 --- [Expediciones] [-auto-19-exec-1] o.s.web.servlet.DispatcherServlet        : Initializing Servlet 'dispatcherServlet'
2025-04-03T23:41:30.736+02:00  INFO 32544 --- [Expediciones] [-auto-19-exec-1] o.s.web.servlet.DispatcherServlet        : Completed initialization in 0 ms
2025-04-03T23:41:30.747+02:00  INFO 32544 --- [Expediciones] [           main] o.s.b.w.e.tomcat.GracefulShutdown        : Commencing graceful shutdown. Waiting for active requests to complete
2025-04-03T23:41:32.757+02:00  INFO 32544 --- [Expediciones] [tomcat-shutdown] o.s.b.w.e.tomcat.GracefulShutdown        : Graceful shutdown complete
2025-04-03T23:41:32.757+02:00 ERROR 32544 --- [Expediciones] [uto-19-Acceptor] org.apache.tomcat.util.net.Acceptor      : Socket accept failed

java.nio.channels.AsynchronousCloseException: null
	at java.base/java.nio.channels.spi.AbstractInterruptibleChannel.end(AbstractInterruptibleChannel.java:218) ~[na:na]
	at java.base/sun.nio.ch.ServerSocketChannelImpl.end(ServerSocketChannelImpl.java:383) ~[na:na]
	at java.base/sun.nio.ch.ServerSocketChannelImpl.accept(ServerSocketChannelImpl.java:408) ~[na:na]
	at org.apache.tomcat.util.net.NioEndpoint.serverSocketAccept(NioEndpoint.java:518) ~[tomcat-embed-core-10.1.39.jar:10.1.39]
	at org.apache.tomcat.util.net.NioEndpoint.serverSocketAccept(NioEndpoint.java:71) ~[tomcat-embed-core-10.1.39.jar:10.1.39]
	at org.apache.tomcat.util.net.Acceptor.run(Acceptor.java:128) ~[tomcat-embed-core-10.1.39.jar:10.1.39]
	at java.base/java.lang.Thread.run(Thread.java:1575) ~[na:na]

2025-04-03T23:41:32.759+02:00  INFO 32544 --- [Expediciones] [           main] j.LocalContainerEntityManagerFactoryBean : Closing JPA EntityManagerFactory for persistence unit 'default'
2025-04-03T23:41:32.760+02:00  INFO 32544 --- [Expediciones] [           main] com.zaxxer.hikari.HikariDataSource       : HikariPool-19 - Shutdown initiated...
2025-04-03T23:41:32.761+02:00  INFO 32544 --- [Expediciones] [           main] com.zaxxer.hikari.HikariDataSource       : HikariPool-19 - Shutdown completed.
]]></system-out>
  </testcase>
  <testcase name="eliminarExpedicion" classname="es.uma.informatica.sii.pr2025rest.ExpedicionesTests$SinExpediciones" time="2.027">
    <system-out><![CDATA[
  .   ____          _            __ _ _
 /\\ / ___'_ __ _ _(_)_ __  __ _ \ \ \ \
( ( )\___ | '_ | '_| | '_ \/ _` | \ \ \ \
 \\/  ___)| |_)| | | | | || (_| |  ) ) ) )
  '  |____| .__|_| |_|_| |_\__, | / / / /
 =========|_|==============|___/=/_/_/_/

 :: Spring Boot ::                (v3.4.4)

2025-04-03T23:41:32.775+02:00  INFO 32544 --- [Expediciones] [           main] e.u.i.sii.pr2025rest.ExpedicionesTests   : Starting ExpedicionesTests using Java 23.0.2 with PID 32544 (started by javier in /Users/javier/Documents/InternetInfoSystems/practicas/REST/alumnos)
2025-04-03T23:41:32.775+02:00  INFO 32544 --- [Expediciones] [           main] e.u.i.sii.pr2025rest.ExpedicionesTests   : No active profile set, falling back to 1 default profile: "default"
2025-04-03T23:41:32.840+02:00  INFO 32544 --- [Expediciones] [           main] .s.d.r.c.RepositoryConfigurationDelegate : Bootstrapping Spring Data JPA repositories in DEFAULT mode.
2025-04-03T23:41:32.845+02:00  INFO 32544 --- [Expediciones] [           main] .s.d.r.c.RepositoryConfigurationDelegate : Finished Spring Data repository scanning in 3 ms. Found 2 JPA repository interfaces.
2025-04-03T23:41:32.876+02:00  INFO 32544 --- [Expediciones] [           main] o.s.b.w.embedded.tomcat.TomcatWebServer  : Tomcat initialized with port 0 (http)
2025-04-03T23:41:32.876+02:00  INFO 32544 --- [Expediciones] [           main] o.apache.catalina.core.StandardService   : Starting service [Tomcat]
2025-04-03T23:41:32.876+02:00  INFO 32544 --- [Expediciones] [           main] o.apache.catalina.core.StandardEngine    : Starting Servlet engine: [Apache Tomcat/10.1.39]
2025-04-03T23:41:32.884+02:00  INFO 32544 --- [Expediciones] [           main] o.a.c.c.C.[Tomcat].[localhost].[/]       : Initializing Spring embedded WebApplicationContext
2025-04-03T23:41:32.884+02:00  INFO 32544 --- [Expediciones] [           main] w.s.c.ServletWebServerApplicationContext : Root WebApplicationContext: initialization completed in 108 ms
2025-04-03T23:41:32.899+02:00  INFO 32544 --- [Expediciones] [           main] com.zaxxer.hikari.HikariDataSource       : HikariPool-20 - Starting...
2025-04-03T23:41:32.900+02:00  INFO 32544 --- [Expediciones] [           main] com.zaxxer.hikari.pool.HikariPool        : HikariPool-20 - Added connection conn190: url=jdbc:h2:mem:6bc334e7-3f49-4048-bc10-77f120fb512c user=SA
2025-04-03T23:41:32.900+02:00  INFO 32544 --- [Expediciones] [           main] com.zaxxer.hikari.HikariDataSource       : HikariPool-20 - Start completed.
2025-04-03T23:41:32.901+02:00  INFO 32544 --- [Expediciones] [           main] o.hibernate.jpa.internal.util.LogHelper  : HHH000204: Processing PersistenceUnitInfo [name: default]
2025-04-03T23:41:32.902+02:00  INFO 32544 --- [Expediciones] [           main] o.h.c.internal.RegionFactoryInitiator    : HHH000026: Second-level cache disabled
2025-04-03T23:41:32.907+02:00  INFO 32544 --- [Expediciones] [           main] o.s.o.j.p.SpringPersistenceUnitInfo      : No LoadTimeWeaver setup: ignoring JPA class transformer
2025-04-03T23:41:32.907+02:00  INFO 32544 --- [Expediciones] [           main] org.hibernate.orm.connections.pooling    : HHH10001005: Database info:
	Database JDBC URL [Connecting through datasource 'HikariDataSource (HikariPool-20)']
	Database driver: undefined/unknown
	Database version: 2.3.232
	Autocommit mode: undefined/unknown
	Isolation level: undefined/unknown
	Minimum pool size: undefined/unknown
	Maximum pool size: undefined/unknown
2025-04-03T23:41:32.937+02:00  INFO 32544 --- [Expediciones] [           main] o.h.e.t.j.p.i.JtaPlatformInitiator       : HHH000489: No JTA platform available (set 'hibernate.transaction.jta.platform' to enable JTA platform integration)
2025-04-03T23:41:32.941+02:00  INFO 32544 --- [Expediciones] [           main] j.LocalContainerEntityManagerFactoryBean : Initialized JPA EntityManagerFactory for persistence unit 'default'
2025-04-03T23:41:32.958+02:00  WARN 32544 --- [Expediciones] [           main] JpaBaseConfiguration$JpaWebConfiguration : spring.jpa.open-in-view is enabled by default. Therefore, database queries may be performed during view rendering. Explicitly configure spring.jpa.open-in-view to disable this warning
2025-04-03T23:41:33.006+02:00  INFO 32544 --- [Expediciones] [           main] o.s.b.w.embedded.tomcat.TomcatWebServer  : Tomcat started on port 55131 (http) with context path '/'
2025-04-03T23:41:33.007+02:00  INFO 32544 --- [Expediciones] [           main] e.u.i.sii.pr2025rest.ExpedicionesTests   : Started ExpedicionesTests in 0.242 seconds (process running for 50.481)
2025-04-03T23:41:33.015+02:00  INFO 32544 --- [Expediciones] [-auto-20-exec-1] o.a.c.c.C.[Tomcat].[localhost].[/]       : Initializing Spring DispatcherServlet 'dispatcherServlet'
2025-04-03T23:41:33.015+02:00  INFO 32544 --- [Expediciones] [-auto-20-exec-1] o.s.web.servlet.DispatcherServlet        : Initializing Servlet 'dispatcherServlet'
2025-04-03T23:41:33.015+02:00  INFO 32544 --- [Expediciones] [-auto-20-exec-1] o.s.web.servlet.DispatcherServlet        : Completed initialization in 0 ms
2025-04-03T23:41:33.020+02:00  INFO 32544 --- [Expediciones] [           main] o.s.b.w.e.tomcat.GracefulShutdown        : Commencing graceful shutdown. Waiting for active requests to complete
2025-04-03T23:41:35.029+02:00  INFO 32544 --- [Expediciones] [tomcat-shutdown] o.s.b.w.e.tomcat.GracefulShutdown        : Graceful shutdown complete
2025-04-03T23:41:35.029+02:00 ERROR 32544 --- [Expediciones] [uto-20-Acceptor] org.apache.tomcat.util.net.Acceptor      : Socket accept failed

java.nio.channels.AsynchronousCloseException: null
	at java.base/java.nio.channels.spi.AbstractInterruptibleChannel.end(AbstractInterruptibleChannel.java:218) ~[na:na]
	at java.base/sun.nio.ch.ServerSocketChannelImpl.end(ServerSocketChannelImpl.java:383) ~[na:na]
	at java.base/sun.nio.ch.ServerSocketChannelImpl.accept(ServerSocketChannelImpl.java:408) ~[na:na]
	at org.apache.tomcat.util.net.NioEndpoint.serverSocketAccept(NioEndpoint.java:518) ~[tomcat-embed-core-10.1.39.jar:10.1.39]
	at org.apache.tomcat.util.net.NioEndpoint.serverSocketAccept(NioEndpoint.java:71) ~[tomcat-embed-core-10.1.39.jar:10.1.39]
	at org.apache.tomcat.util.net.Acceptor.run(Acceptor.java:128) ~[tomcat-embed-core-10.1.39.jar:10.1.39]
	at java.base/java.lang.Thread.run(Thread.java:1575) ~[na:na]

2025-04-03T23:41:35.032+02:00  INFO 32544 --- [Expediciones] [           main] j.LocalContainerEntityManagerFactoryBean : Closing JPA EntityManagerFactory for persistence unit 'default'
2025-04-03T23:41:35.033+02:00  INFO 32544 --- [Expediciones] [           main] com.zaxxer.hikari.HikariDataSource       : HikariPool-20 - Shutdown initiated...
2025-04-03T23:41:35.033+02:00  INFO 32544 --- [Expediciones] [           main] com.zaxxer.hikari.HikariDataSource       : HikariPool-20 - Shutdown completed.
]]></system-out>
  </testcase>
  <testcase name="actualizarExpedicion_NoExiste" classname="es.uma.informatica.sii.pr2025rest.ExpedicionesTests$SinExpediciones" time="2.033">
    <system-out><![CDATA[
  .   ____          _            __ _ _
 /\\ / ___'_ __ _ _(_)_ __  __ _ \ \ \ \
( ( )\___ | '_ | '_| | '_ \/ _` | \ \ \ \
 \\/  ___)| |_)| | | | | || (_| |  ) ) ) )
  '  |____| .__|_| |_|_| |_\__, | / / / /
 =========|_|==============|___/=/_/_/_/

 :: Spring Boot ::                (v3.4.4)

2025-04-03T23:41:35.047+02:00  INFO 32544 --- [Expediciones] [           main] e.u.i.sii.pr2025rest.ExpedicionesTests   : Starting ExpedicionesTests using Java 23.0.2 with PID 32544 (started by javier in /Users/javier/Documents/InternetInfoSystems/practicas/REST/alumnos)
2025-04-03T23:41:35.047+02:00  INFO 32544 --- [Expediciones] [           main] e.u.i.sii.pr2025rest.ExpedicionesTests   : No active profile set, falling back to 1 default profile: "default"
2025-04-03T23:41:35.108+02:00  INFO 32544 --- [Expediciones] [           main] .s.d.r.c.RepositoryConfigurationDelegate : Bootstrapping Spring Data JPA repositories in DEFAULT mode.
2025-04-03T23:41:35.112+02:00  INFO 32544 --- [Expediciones] [           main] .s.d.r.c.RepositoryConfigurationDelegate : Finished Spring Data repository scanning in 3 ms. Found 2 JPA repository interfaces.
2025-04-03T23:41:35.142+02:00  INFO 32544 --- [Expediciones] [           main] o.s.b.w.embedded.tomcat.TomcatWebServer  : Tomcat initialized with port 0 (http)
2025-04-03T23:41:35.143+02:00  INFO 32544 --- [Expediciones] [           main] o.apache.catalina.core.StandardService   : Starting service [Tomcat]
2025-04-03T23:41:35.143+02:00  INFO 32544 --- [Expediciones] [           main] o.apache.catalina.core.StandardEngine    : Starting Servlet engine: [Apache Tomcat/10.1.39]
2025-04-03T23:41:35.156+02:00  INFO 32544 --- [Expediciones] [           main] o.a.c.c.C.[Tomcat].[localhost].[/]       : Initializing Spring embedded WebApplicationContext
2025-04-03T23:41:35.156+02:00  INFO 32544 --- [Expediciones] [           main] w.s.c.ServletWebServerApplicationContext : Root WebApplicationContext: initialization completed in 108 ms
2025-04-03T23:41:35.174+02:00  INFO 32544 --- [Expediciones] [           main] com.zaxxer.hikari.HikariDataSource       : HikariPool-21 - Starting...
2025-04-03T23:41:35.186+02:00  INFO 32544 --- [Expediciones] [           main] com.zaxxer.hikari.pool.HikariPool        : HikariPool-21 - Added connection conn200: url=jdbc:h2:mem:418933a2-6141-4fbe-b4bb-14e1d9888f2a user=SA
2025-04-03T23:41:35.186+02:00  INFO 32544 --- [Expediciones] [           main] com.zaxxer.hikari.HikariDataSource       : HikariPool-21 - Start completed.
2025-04-03T23:41:35.187+02:00  INFO 32544 --- [Expediciones] [           main] o.hibernate.jpa.internal.util.LogHelper  : HHH000204: Processing PersistenceUnitInfo [name: default]
2025-04-03T23:41:35.189+02:00  INFO 32544 --- [Expediciones] [           main] o.h.c.internal.RegionFactoryInitiator    : HHH000026: Second-level cache disabled
2025-04-03T23:41:35.197+02:00  INFO 32544 --- [Expediciones] [           main] o.s.o.j.p.SpringPersistenceUnitInfo      : No LoadTimeWeaver setup: ignoring JPA class transformer
2025-04-03T23:41:35.198+02:00  INFO 32544 --- [Expediciones] [           main] org.hibernate.orm.connections.pooling    : HHH10001005: Database info:
	Database JDBC URL [Connecting through datasource 'HikariDataSource (HikariPool-21)']
	Database driver: undefined/unknown
	Database version: 2.3.232
	Autocommit mode: undefined/unknown
	Isolation level: undefined/unknown
	Minimum pool size: undefined/unknown
	Maximum pool size: undefined/unknown
2025-04-03T23:41:35.229+02:00  INFO 32544 --- [Expediciones] [           main] o.h.e.t.j.p.i.JtaPlatformInitiator       : HHH000489: No JTA platform available (set 'hibernate.transaction.jta.platform' to enable JTA platform integration)
2025-04-03T23:41:35.232+02:00  INFO 32544 --- [Expediciones] [           main] j.LocalContainerEntityManagerFactoryBean : Initialized JPA EntityManagerFactory for persistence unit 'default'
2025-04-03T23:41:35.252+02:00  WARN 32544 --- [Expediciones] [           main] JpaBaseConfiguration$JpaWebConfiguration : spring.jpa.open-in-view is enabled by default. Therefore, database queries may be performed during view rendering. Explicitly configure spring.jpa.open-in-view to disable this warning
2025-04-03T23:41:35.297+02:00  INFO 32544 --- [Expediciones] [           main] o.s.b.w.embedded.tomcat.TomcatWebServer  : Tomcat started on port 55135 (http) with context path '/'
2025-04-03T23:41:35.298+02:00  INFO 32544 --- [Expediciones] [           main] e.u.i.sii.pr2025rest.ExpedicionesTests   : Started ExpedicionesTests in 0.261 seconds (process running for 52.772)
2025-04-03T23:41:35.310+02:00  INFO 32544 --- [Expediciones] [-auto-21-exec-1] o.a.c.c.C.[Tomcat].[localhost].[/]       : Initializing Spring DispatcherServlet 'dispatcherServlet'
2025-04-03T23:41:35.310+02:00  INFO 32544 --- [Expediciones] [-auto-21-exec-1] o.s.web.servlet.DispatcherServlet        : Initializing Servlet 'dispatcherServlet'
2025-04-03T23:41:35.310+02:00  INFO 32544 --- [Expediciones] [-auto-21-exec-1] o.s.web.servlet.DispatcherServlet        : Completed initialization in 0 ms
2025-04-03T23:41:35.317+02:00  INFO 32544 --- [Expediciones] [           main] o.s.b.w.e.tomcat.GracefulShutdown        : Commencing graceful shutdown. Waiting for active requests to complete
2025-04-03T23:41:37.327+02:00  INFO 32544 --- [Expediciones] [tomcat-shutdown] o.s.b.w.e.tomcat.GracefulShutdown        : Graceful shutdown complete
2025-04-03T23:41:37.327+02:00 ERROR 32544 --- [Expediciones] [uto-21-Acceptor] org.apache.tomcat.util.net.Acceptor      : Socket accept failed

java.nio.channels.AsynchronousCloseException: null
	at java.base/java.nio.channels.spi.AbstractInterruptibleChannel.end(AbstractInterruptibleChannel.java:218) ~[na:na]
	at java.base/sun.nio.ch.ServerSocketChannelImpl.end(ServerSocketChannelImpl.java:383) ~[na:na]
	at java.base/sun.nio.ch.ServerSocketChannelImpl.accept(ServerSocketChannelImpl.java:408) ~[na:na]
	at org.apache.tomcat.util.net.NioEndpoint.serverSocketAccept(NioEndpoint.java:518) ~[tomcat-embed-core-10.1.39.jar:10.1.39]
	at org.apache.tomcat.util.net.NioEndpoint.serverSocketAccept(NioEndpoint.java:71) ~[tomcat-embed-core-10.1.39.jar:10.1.39]
	at org.apache.tomcat.util.net.Acceptor.run(Acceptor.java:128) ~[tomcat-embed-core-10.1.39.jar:10.1.39]
	at java.base/java.lang.Thread.run(Thread.java:1575) ~[na:na]

2025-04-03T23:41:37.329+02:00  INFO 32544 --- [Expediciones] [           main] j.LocalContainerEntityManagerFactoryBean : Closing JPA EntityManagerFactory for persistence unit 'default'
2025-04-03T23:41:37.331+02:00  INFO 32544 --- [Expediciones] [           main] com.zaxxer.hikari.HikariDataSource       : HikariPool-21 - Shutdown initiated...
2025-04-03T23:41:37.331+02:00  INFO 32544 --- [Expediciones] [           main] com.zaxxer.hikari.HikariDataSource       : HikariPool-21 - Shutdown completed.
]]></system-out>
  </testcase>
</testsuite>